<?xml version="1.0" encoding="UTF-8" ?>
<testsuite tests="1" failures="0" name="com.basak.sample.firstejb.CalculatorUnitTestCase" time="0.004" errors="0" skipped="0">
  <properties>
    <property name="java.runtime.name" value="Java(TM) SE Runtime Environment"/>
    <property name="sun.boot.library.path" value="/Library/Java/JavaVirtualMachines/jdk1.8.0_45.jdk/Contents/Home/jre/lib"/>
    <property name="java.vm.version" value="25.45-b02"/>
    <property name="gopherProxySet" value="false"/>
    <property name="java.vm.vendor" value="Oracle Corporation"/>
    <property name="java.vendor.url" value="http://java.oracle.com/"/>
    <property name="path.separator" value=":"/>
    <property name="java.vm.name" value="Java HotSpot(TM) 64-Bit Server VM"/>
    <property name="file.encoding.pkg" value="sun.io"/>
    <property name="user.country" value="US"/>
    <property name="sun.java.launcher" value="SUN_STANDARD"/>
    <property name="sun.os.patch.level" value="unknown"/>
    <property name="java.vm.specification.name" value="Java Virtual Machine Specification"/>
    <property name="user.dir" value="/Basak/development/POC/EJB/sample-test/ejb-test"/>
    <property name="java.runtime.version" value="1.8.0_45-b14"/>
    <property name="java.awt.graphicsenv" value="sun.awt.CGraphicsEnvironment"/>
    <property name="basedir" value="/Basak/development/POC/EJB/sample-test/ejb-test"/>
    <property name="java.endorsed.dirs" value="/Library/Java/JavaVirtualMachines/jdk1.8.0_45.jdk/Contents/Home/jre/lib/endorsed"/>
    <property name="os.arch" value="x86_64"/>
    <property name="surefire.real.class.path" value="/Basak/development/POC/EJB/sample-test/ejb-test/target/surefire/surefirebooter1166188545903671846.jar"/>
    <property name="java.io.tmpdir" value="/var/folders/s7/94_045qx7p75msy748q8y2wh0000gn/T/"/>
    <property name="line.separator" value="
"/>
    <property name="java.vm.specification.vendor" value="Oracle Corporation"/>
    <property name="os.name" value="Mac OS X"/>
    <property name="sun.jnu.encoding" value="UTF-8"/>
    <property name="java.library.path" value="/Users/Basak/Library/Java/Extensions:/Library/Java/Extensions:/Network/Library/Java/Extensions:/System/Library/Java/Extensions:/usr/lib/java:."/>
    <property name="surefire.test.class.path" value="/Basak/development/POC/EJB/sample-test/ejb-test/target/test-classes:/Basak/development/POC/EJB/sample-test/ejb-test/target/classes:/Basak/development/POC/Aurora/m2_repo/junit/junit/4.12/junit-4.12.jar:/Basak/development/POC/Aurora/m2_repo/org/hamcrest/hamcrest-core/1.3/hamcrest-core-1.3.jar:/Basak/development/POC/Aurora/m2_repo/javax/javaee-api/6.0/javaee-api-6.0.jar:/Basak/development/POC/Aurora/m2_repo/org/jboss/as/jboss-as-arquillian-container-managed/7.0.1.Final/jboss-as-arquillian-container-managed-7.0.1.Final.jar:/Basak/development/POC/Aurora/m2_repo/org/jboss/as/jboss-as-arquillian-common/7.0.1.Final/jboss-as-arquillian-common-7.0.1.Final.jar:/Basak/development/POC/Aurora/m2_repo/org/jboss/arquillian/container/arquillian-container-osgi/1.0.0.CR4/arquillian-container-osgi-1.0.0.CR4.jar:/Basak/development/POC/Aurora/m2_repo/org/jboss/arquillian/testenricher/arquillian-testenricher-cdi/1.0.0.CR4/arquillian-testenricher-cdi-1.0.0.CR4.jar:/Basak/development/POC/Aurora/m2_repo/org/jboss/arquillian/testenricher/arquillian-testenricher-ejb/1.0.0.CR4/arquillian-testenricher-ejb-1.0.0.CR4.jar:/Basak/development/POC/Aurora/m2_repo/org/jboss/arquillian/testenricher/arquillian-testenricher-initialcontext/1.0.0.CR4/arquillian-testenricher-initialcontext-1.0.0.CR4.jar:/Basak/development/POC/Aurora/m2_repo/org/jboss/arquillian/testenricher/arquillian-testenricher-osgi/1.0.0.CR4/arquillian-testenricher-osgi-1.0.0.CR4.jar:/Basak/development/POC/Aurora/m2_repo/org/jboss/arquillian/testenricher/arquillian-testenricher-resource/1.0.0.CR4/arquillian-testenricher-resource-1.0.0.CR4.jar:/Basak/development/POC/Aurora/m2_repo/org/jboss/as/jboss-as-arquillian-testenricher-msc/7.0.1.Final/jboss-as-arquillian-testenricher-msc-7.0.1.Final.jar:/Basak/development/POC/Aurora/m2_repo/org/jboss/msc/jboss-msc/1.0.0.GA/jboss-msc-1.0.0.GA.jar:/Basak/development/POC/Aurora/m2_repo/org/jboss/as/jboss-as-controller-client/7.0.1.Final/jboss-as-controller-client-7.0.1.Final.jar:/Basak/development/POC/Aurora/m2_repo/org/jboss/as/jboss-as-protocol/7.0.1.Final/jboss-as-protocol-7.0.1.Final.jar:/Basak/development/POC/Aurora/m2_repo/org/jboss/logmanager/jboss-logmanager/1.2.0.GA/jboss-logmanager-1.2.0.GA.jar:/Basak/development/POC/Aurora/m2_repo/org/jboss/marshalling/jboss-marshalling/1.3.0.GA/jboss-marshalling-1.3.0.GA.jar:/Basak/development/POC/Aurora/m2_repo/org/jboss/remoting3/jboss-remoting/3.2.0.Beta2/jboss-remoting-3.2.0.Beta2.jar:/Basak/development/POC/Aurora/m2_repo/org/jboss/xnio/xnio-api/3.0.0.Beta2/xnio-api-3.0.0.Beta2.jar:/Basak/development/POC/Aurora/m2_repo/org/jboss/xnio/xnio-nio/3.0.0.Beta3/xnio-nio-3.0.0.Beta3.jar:/Basak/development/POC/Aurora/m2_repo/org/jboss/jboss-dmr/1.0.0.Final/jboss-dmr-1.0.0.Final.jar:/Basak/development/POC/Aurora/m2_repo/org/jboss/threads/jboss-threads/2.0.0.GA/jboss-threads-2.0.0.GA.jar:/Basak/development/POC/Aurora/m2_repo/org/jboss/as/jboss-as-jmx/7.0.1.Final/jboss-as-jmx-7.0.1.Final.jar:/Basak/development/POC/Aurora/m2_repo/org/jboss/jboss-common-core/2.2.17.GA/jboss-common-core-2.2.17.GA.jar:/Basak/development/POC/Aurora/m2_repo/org/jboss/as/jboss-as-server/7.0.1.Final/jboss-as-server-7.0.1.Final.jar:/Basak/development/POC/Aurora/m2_repo/org/jboss/as/jboss-as-controller/7.0.1.Final/jboss-as-controller-7.0.1.Final.jar:/Basak/development/POC/Aurora/m2_repo/org/jboss/staxmapper/1.0.0.Final/staxmapper-1.0.0.Final.jar:/Basak/development/POC/Aurora/m2_repo/org/jboss/as/jboss-as-domain-http-api/7.0.1.Final/jboss-as-domain-http-api-7.0.1.Final.jar:/Basak/development/POC/Aurora/m2_repo/org/jboss/as/jboss-as-domain-management/7.0.1.Final/jboss-as-domain-management-7.0.1.Final.jar:/Basak/development/POC/Aurora/m2_repo/org/jboss/com/sun/httpserver/httpserver/1.0.0.Beta1/httpserver-1.0.0.Beta1.jar:/Basak/development/POC/Aurora/m2_repo/org/jboss/as/jboss-as-console/1.0.0.Beta16/jboss-as-console-1.0.0.Beta16-resources.jar:/Basak/development/POC/Aurora/m2_repo/org/jboss/as/jboss-as-deployment-repository/7.0.1.Final/jboss-as-deployment-repository-7.0.1.Final.jar:/Basak/development/POC/Aurora/m2_repo/org/jboss/as/jboss-as-embedded/7.0.1.Final/jboss-as-embedded-7.0.1.Final.jar:/Basak/development/POC/Aurora/m2_repo/org/jboss/as/jboss-as-process-controller/7.0.1.Final/jboss-as-process-controller-7.0.1.Final.jar:/Library/Java/JavaVirtualMachines/jdk1.8.0_45.jdk/Contents/Home/jre/../lib/tools.jar:/Basak/development/POC/Aurora/m2_repo/org/jboss/as/jboss-as-remoting/7.0.1.Final/jboss-as-remoting-7.0.1.Final.jar:/Basak/development/POC/Aurora/m2_repo/org/jboss/as/jboss-as-network/7.0.1.Final/jboss-as-network-7.0.1.Final.jar:/Basak/development/POC/Aurora/m2_repo/org/jboss/as/jboss-as-threads/7.0.1.Final/jboss-as-threads-7.0.1.Final.jar:/Basak/development/POC/Aurora/m2_repo/org/jboss/jandex/1.0.0.Final/jandex-1.0.0.Final.jar:/Basak/development/POC/Aurora/m2_repo/org/jboss/invocation/jboss-invocation/1.1.0.Final/jboss-invocation-1.1.0.Final.jar:/Basak/development/POC/Aurora/m2_repo/org/jboss/logmanager/jboss-logmanager-log4j/1.0.0.GA/jboss-logmanager-log4j-1.0.0.GA.jar:/Basak/development/POC/Aurora/m2_repo/org/jboss/stdio/jboss-stdio/1.0.0.GA/jboss-stdio-1.0.0.GA.jar:/Basak/development/POC/Aurora/m2_repo/org/jboss/jboss-vfs/3.0.1.GA/jboss-vfs-3.0.1.GA.jar:/Basak/development/POC/Aurora/m2_repo/org/jboss/shrinkwrap/shrinkwrap-api/1.0.0-beta-5/shrinkwrap-api-1.0.0-beta-5.jar:/Basak/development/POC/Aurora/m2_repo/org/jboss/shrinkwrap/resolver/shrinkwrap-resolver-impl-maven/1.0.0-beta-5/shrinkwrap-resolver-impl-maven-1.0.0-beta-5.jar:/Basak/development/POC/Aurora/m2_repo/org/jboss/shrinkwrap/resolver/shrinkwrap-resolver-api/1.0.0-beta-5/shrinkwrap-resolver-api-1.0.0-beta-5.jar:/Basak/development/POC/Aurora/m2_repo/org/jboss/shrinkwrap/resolver/shrinkwrap-resolver-api-maven/1.0.0-beta-5/shrinkwrap-resolver-api-maven-1.0.0-beta-5.jar:/Basak/development/POC/Aurora/m2_repo/org/jboss/osgi/spi/jbosgi-spi/1.0.28/jbosgi-spi-1.0.28.jar:/Basak/development/POC/Aurora/m2_repo/org/jboss/osgi/vfs/jbosgi-vfs/1.0.5/jbosgi-vfs-1.0.5.jar:/Basak/development/POC/Aurora/m2_repo/org/osgi/org.osgi.core/4.2.0/org.osgi.core-4.2.0.jar:/Basak/development/POC/Aurora/m2_repo/org/jboss/as/jboss-as-arquillian-protocol-jmx/7.0.1.Final/jboss-as-arquillian-protocol-jmx-7.0.1.Final.jar:/Basak/development/POC/Aurora/m2_repo/org/jboss/as/jboss-as-osgi-service/7.0.1.Final/jboss-as-osgi-service-7.0.1.Final.jar:/Basak/development/POC/Aurora/m2_repo/org/jboss/as/jboss-as-naming/7.0.1.Final/jboss-as-naming-7.0.1.Final.jar:/Basak/development/POC/Aurora/m2_repo/org/jboss/modules/jboss-modules/1.0.1.GA/jboss-modules-1.0.1.GA.jar:/Basak/development/POC/Aurora/m2_repo/org/jboss/osgi/deployment/jbosgi-deployment/1.0.10/jbosgi-deployment-1.0.10.jar:/Basak/development/POC/Aurora/m2_repo/org/jboss/osgi/framework/jbosgi-framework-core/1.0.0.CR8/jbosgi-framework-core-1.0.0.CR8.jar:/Basak/development/POC/Aurora/m2_repo/org/jboss/osgi/resolver/jbosgi-resolver-felix/1.0.9/jbosgi-resolver-felix-1.0.9.jar:/Basak/development/POC/Aurora/m2_repo/org/jboss/osgi/resolver/jbosgi-resolver-spi/1.0.9/jbosgi-resolver-spi-1.0.9.jar:/Basak/development/POC/Aurora/m2_repo/org/jboss/osgi/vfs/jbosgi-vfs30/1.0.6/jbosgi-vfs30-1.0.6.jar:/Basak/development/POC/Aurora/m2_repo/org/jboss/osgi/resolver/jbosgi-resolver-api/1.0.9/jbosgi-resolver-api-1.0.9.jar:/Basak/development/POC/Aurora/m2_repo/org/jboss/osgi/resolver/jbosgi-resolver-metadata/1.0.9/jbosgi-resolver-metadata-1.0.9.jar:/Basak/development/POC/Aurora/m2_repo/org/osgi/org.osgi.compendium/4.2.0/org.osgi.compendium-4.2.0.jar:/Basak/development/POC/Aurora/m2_repo/org/jboss/arquillian/core/arquillian-core-spi/1.0.0.CR4/arquillian-core-spi-1.0.0.CR4.jar:/Basak/development/POC/Aurora/m2_repo/org/jboss/arquillian/protocol/arquillian-protocol-jmx/1.0.0.CR4/arquillian-protocol-jmx-1.0.0.CR4.jar:/Basak/development/POC/Aurora/m2_repo/org/jboss/sasl/jboss-sasl/1.0.0.Beta1/jboss-sasl-1.0.0.Beta1.jar:/Basak/development/POC/Aurora/m2_repo/org/jboss/logging/jboss-logging/3.0.0.Beta5/jboss-logging-3.0.0.Beta5.jar:/Basak/development/POC/Aurora/m2_repo/javax/inject/javax.inject/1/javax.inject-1.jar:/Basak/development/POC/Aurora/m2_repo/org/jboss/arquillian/core/arquillian-core-api/1.0.0.CR4/arquillian-core-api-1.0.0.CR4.jar:/Basak/development/POC/Aurora/m2_repo/org/jboss/as/jboss-as-build-config/7.0.1.Final/jboss-as-build-config-7.0.1.Final.jar:/Basak/development/POC/Aurora/m2_repo/org/jboss/arquillian/junit/arquillian-junit-container/1.0.0.CR4/arquillian-junit-container-1.0.0.CR4.jar:/Basak/development/POC/Aurora/m2_repo/org/jboss/arquillian/junit/arquillian-junit-core/1.0.0.CR4/arquillian-junit-core-1.0.0.CR4.jar:/Basak/development/POC/Aurora/m2_repo/org/jboss/arquillian/test/arquillian-test-api/1.0.0.CR4/arquillian-test-api-1.0.0.CR4.jar:/Basak/development/POC/Aurora/m2_repo/org/jboss/arquillian/test/arquillian-test-spi/1.0.0.CR4/arquillian-test-spi-1.0.0.CR4.jar:/Basak/development/POC/Aurora/m2_repo/org/jboss/arquillian/container/arquillian-container-test-api/1.0.0.CR4/arquillian-container-test-api-1.0.0.CR4.jar:/Basak/development/POC/Aurora/m2_repo/org/jboss/arquillian/container/arquillian-container-test-spi/1.0.0.CR4/arquillian-container-test-spi-1.0.0.CR4.jar:/Basak/development/POC/Aurora/m2_repo/org/jboss/arquillian/container/arquillian-container-spi/1.0.0.CR4/arquillian-container-spi-1.0.0.CR4.jar:/Basak/development/POC/Aurora/m2_repo/org/jboss/shrinkwrap/descriptors/shrinkwrap-descriptors-api/1.1.0-alpha-2/shrinkwrap-descriptors-api-1.1.0-alpha-2.jar:/Basak/development/POC/Aurora/m2_repo/org/jboss/arquillian/core/arquillian-core-impl-base/1.0.0.CR4/arquillian-core-impl-base-1.0.0.CR4.jar:/Basak/development/POC/Aurora/m2_repo/org/jboss/arquillian/test/arquillian-test-impl-base/1.0.0.CR4/arquillian-test-impl-base-1.0.0.CR4.jar:/Basak/development/POC/Aurora/m2_repo/org/jboss/arquillian/container/arquillian-container-impl-base/1.0.0.CR4/arquillian-container-impl-base-1.0.0.CR4.jar:/Basak/development/POC/Aurora/m2_repo/org/jboss/arquillian/config/arquillian-config-api/1.0.0.CR4/arquillian-config-api-1.0.0.CR4.jar:/Basak/development/POC/Aurora/m2_repo/org/jboss/arquillian/config/arquillian-config-impl-base/1.0.0.CR4/arquillian-config-impl-base-1.0.0.CR4.jar:/Basak/development/POC/Aurora/m2_repo/org/jboss/shrinkwrap/descriptors/shrinkwrap-descriptors-spi/1.1.0-alpha-2/shrinkwrap-descriptors-spi-1.1.0-alpha-2.jar:/Basak/development/POC/Aurora/m2_repo/org/jboss/arquillian/container/arquillian-container-test-impl-base/1.0.0.CR4/arquillian-container-test-impl-base-1.0.0.CR4.jar:/Basak/development/POC/Aurora/m2_repo/org/jboss/shrinkwrap/shrinkwrap-impl-base/1.0.0-beta-5/shrinkwrap-impl-base-1.0.0-beta-5.jar:/Basak/development/POC/Aurora/m2_repo/org/jboss/shrinkwrap/shrinkwrap-spi/1.0.0-beta-5/shrinkwrap-spi-1.0.0-beta-5.jar:"/>
    <property name="java.specification.name" value="Java Platform API Specification"/>
    <property name="java.class.version" value="52.0"/>
    <property name="sun.management.compiler" value="HotSpot 64-Bit Tiered Compilers"/>
    <property name="os.version" value="10.11.1"/>
    <property name="http.nonProxyHosts" value="local|*.local|169.254/16|*.169.254/16"/>
    <property name="user.home" value="/Users/Basak"/>
    <property name="user.timezone" value="America/Chicago"/>
    <property name="java.awt.printerjob" value="sun.lwawt.macosx.CPrinterJob"/>
    <property name="java.specification.version" value="1.8"/>
    <property name="file.encoding" value="UTF-8"/>
    <property name="user.name" value="Basak"/>
    <property name="java.class.path" value="/Basak/development/POC/EJB/sample-test/ejb-test/target/test-classes:/Basak/development/POC/EJB/sample-test/ejb-test/target/classes:/Basak/development/POC/Aurora/m2_repo/junit/junit/4.12/junit-4.12.jar:/Basak/development/POC/Aurora/m2_repo/org/hamcrest/hamcrest-core/1.3/hamcrest-core-1.3.jar:/Basak/development/POC/Aurora/m2_repo/javax/javaee-api/6.0/javaee-api-6.0.jar:/Basak/development/POC/Aurora/m2_repo/org/jboss/as/jboss-as-arquillian-container-managed/7.0.1.Final/jboss-as-arquillian-container-managed-7.0.1.Final.jar:/Basak/development/POC/Aurora/m2_repo/org/jboss/as/jboss-as-arquillian-common/7.0.1.Final/jboss-as-arquillian-common-7.0.1.Final.jar:/Basak/development/POC/Aurora/m2_repo/org/jboss/arquillian/container/arquillian-container-osgi/1.0.0.CR4/arquillian-container-osgi-1.0.0.CR4.jar:/Basak/development/POC/Aurora/m2_repo/org/jboss/arquillian/testenricher/arquillian-testenricher-cdi/1.0.0.CR4/arquillian-testenricher-cdi-1.0.0.CR4.jar:/Basak/development/POC/Aurora/m2_repo/org/jboss/arquillian/testenricher/arquillian-testenricher-ejb/1.0.0.CR4/arquillian-testenricher-ejb-1.0.0.CR4.jar:/Basak/development/POC/Aurora/m2_repo/org/jboss/arquillian/testenricher/arquillian-testenricher-initialcontext/1.0.0.CR4/arquillian-testenricher-initialcontext-1.0.0.CR4.jar:/Basak/development/POC/Aurora/m2_repo/org/jboss/arquillian/testenricher/arquillian-testenricher-osgi/1.0.0.CR4/arquillian-testenricher-osgi-1.0.0.CR4.jar:/Basak/development/POC/Aurora/m2_repo/org/jboss/arquillian/testenricher/arquillian-testenricher-resource/1.0.0.CR4/arquillian-testenricher-resource-1.0.0.CR4.jar:/Basak/development/POC/Aurora/m2_repo/org/jboss/as/jboss-as-arquillian-testenricher-msc/7.0.1.Final/jboss-as-arquillian-testenricher-msc-7.0.1.Final.jar:/Basak/development/POC/Aurora/m2_repo/org/jboss/msc/jboss-msc/1.0.0.GA/jboss-msc-1.0.0.GA.jar:/Basak/development/POC/Aurora/m2_repo/org/jboss/as/jboss-as-controller-client/7.0.1.Final/jboss-as-controller-client-7.0.1.Final.jar:/Basak/development/POC/Aurora/m2_repo/org/jboss/as/jboss-as-protocol/7.0.1.Final/jboss-as-protocol-7.0.1.Final.jar:/Basak/development/POC/Aurora/m2_repo/org/jboss/logmanager/jboss-logmanager/1.2.0.GA/jboss-logmanager-1.2.0.GA.jar:/Basak/development/POC/Aurora/m2_repo/org/jboss/marshalling/jboss-marshalling/1.3.0.GA/jboss-marshalling-1.3.0.GA.jar:/Basak/development/POC/Aurora/m2_repo/org/jboss/remoting3/jboss-remoting/3.2.0.Beta2/jboss-remoting-3.2.0.Beta2.jar:/Basak/development/POC/Aurora/m2_repo/org/jboss/xnio/xnio-api/3.0.0.Beta2/xnio-api-3.0.0.Beta2.jar:/Basak/development/POC/Aurora/m2_repo/org/jboss/xnio/xnio-nio/3.0.0.Beta3/xnio-nio-3.0.0.Beta3.jar:/Basak/development/POC/Aurora/m2_repo/org/jboss/jboss-dmr/1.0.0.Final/jboss-dmr-1.0.0.Final.jar:/Basak/development/POC/Aurora/m2_repo/org/jboss/threads/jboss-threads/2.0.0.GA/jboss-threads-2.0.0.GA.jar:/Basak/development/POC/Aurora/m2_repo/org/jboss/as/jboss-as-jmx/7.0.1.Final/jboss-as-jmx-7.0.1.Final.jar:/Basak/development/POC/Aurora/m2_repo/org/jboss/jboss-common-core/2.2.17.GA/jboss-common-core-2.2.17.GA.jar:/Basak/development/POC/Aurora/m2_repo/org/jboss/as/jboss-as-server/7.0.1.Final/jboss-as-server-7.0.1.Final.jar:/Basak/development/POC/Aurora/m2_repo/org/jboss/as/jboss-as-controller/7.0.1.Final/jboss-as-controller-7.0.1.Final.jar:/Basak/development/POC/Aurora/m2_repo/org/jboss/staxmapper/1.0.0.Final/staxmapper-1.0.0.Final.jar:/Basak/development/POC/Aurora/m2_repo/org/jboss/as/jboss-as-domain-http-api/7.0.1.Final/jboss-as-domain-http-api-7.0.1.Final.jar:/Basak/development/POC/Aurora/m2_repo/org/jboss/as/jboss-as-domain-management/7.0.1.Final/jboss-as-domain-management-7.0.1.Final.jar:/Basak/development/POC/Aurora/m2_repo/org/jboss/com/sun/httpserver/httpserver/1.0.0.Beta1/httpserver-1.0.0.Beta1.jar:/Basak/development/POC/Aurora/m2_repo/org/jboss/as/jboss-as-console/1.0.0.Beta16/jboss-as-console-1.0.0.Beta16-resources.jar:/Basak/development/POC/Aurora/m2_repo/org/jboss/as/jboss-as-deployment-repository/7.0.1.Final/jboss-as-deployment-repository-7.0.1.Final.jar:/Basak/development/POC/Aurora/m2_repo/org/jboss/as/jboss-as-embedded/7.0.1.Final/jboss-as-embedded-7.0.1.Final.jar:/Basak/development/POC/Aurora/m2_repo/org/jboss/as/jboss-as-process-controller/7.0.1.Final/jboss-as-process-controller-7.0.1.Final.jar:/Library/Java/JavaVirtualMachines/jdk1.8.0_45.jdk/Contents/Home/jre/../lib/tools.jar:/Basak/development/POC/Aurora/m2_repo/org/jboss/as/jboss-as-remoting/7.0.1.Final/jboss-as-remoting-7.0.1.Final.jar:/Basak/development/POC/Aurora/m2_repo/org/jboss/as/jboss-as-network/7.0.1.Final/jboss-as-network-7.0.1.Final.jar:/Basak/development/POC/Aurora/m2_repo/org/jboss/as/jboss-as-threads/7.0.1.Final/jboss-as-threads-7.0.1.Final.jar:/Basak/development/POC/Aurora/m2_repo/org/jboss/jandex/1.0.0.Final/jandex-1.0.0.Final.jar:/Basak/development/POC/Aurora/m2_repo/org/jboss/invocation/jboss-invocation/1.1.0.Final/jboss-invocation-1.1.0.Final.jar:/Basak/development/POC/Aurora/m2_repo/org/jboss/logmanager/jboss-logmanager-log4j/1.0.0.GA/jboss-logmanager-log4j-1.0.0.GA.jar:/Basak/development/POC/Aurora/m2_repo/org/jboss/stdio/jboss-stdio/1.0.0.GA/jboss-stdio-1.0.0.GA.jar:/Basak/development/POC/Aurora/m2_repo/org/jboss/jboss-vfs/3.0.1.GA/jboss-vfs-3.0.1.GA.jar:/Basak/development/POC/Aurora/m2_repo/org/jboss/shrinkwrap/shrinkwrap-api/1.0.0-beta-5/shrinkwrap-api-1.0.0-beta-5.jar:/Basak/development/POC/Aurora/m2_repo/org/jboss/shrinkwrap/resolver/shrinkwrap-resolver-impl-maven/1.0.0-beta-5/shrinkwrap-resolver-impl-maven-1.0.0-beta-5.jar:/Basak/development/POC/Aurora/m2_repo/org/jboss/shrinkwrap/resolver/shrinkwrap-resolver-api/1.0.0-beta-5/shrinkwrap-resolver-api-1.0.0-beta-5.jar:/Basak/development/POC/Aurora/m2_repo/org/jboss/shrinkwrap/resolver/shrinkwrap-resolver-api-maven/1.0.0-beta-5/shrinkwrap-resolver-api-maven-1.0.0-beta-5.jar:/Basak/development/POC/Aurora/m2_repo/org/jboss/osgi/spi/jbosgi-spi/1.0.28/jbosgi-spi-1.0.28.jar:/Basak/development/POC/Aurora/m2_repo/org/jboss/osgi/vfs/jbosgi-vfs/1.0.5/jbosgi-vfs-1.0.5.jar:/Basak/development/POC/Aurora/m2_repo/org/osgi/org.osgi.core/4.2.0/org.osgi.core-4.2.0.jar:/Basak/development/POC/Aurora/m2_repo/org/jboss/as/jboss-as-arquillian-protocol-jmx/7.0.1.Final/jboss-as-arquillian-protocol-jmx-7.0.1.Final.jar:/Basak/development/POC/Aurora/m2_repo/org/jboss/as/jboss-as-osgi-service/7.0.1.Final/jboss-as-osgi-service-7.0.1.Final.jar:/Basak/development/POC/Aurora/m2_repo/org/jboss/as/jboss-as-naming/7.0.1.Final/jboss-as-naming-7.0.1.Final.jar:/Basak/development/POC/Aurora/m2_repo/org/jboss/modules/jboss-modules/1.0.1.GA/jboss-modules-1.0.1.GA.jar:/Basak/development/POC/Aurora/m2_repo/org/jboss/osgi/deployment/jbosgi-deployment/1.0.10/jbosgi-deployment-1.0.10.jar:/Basak/development/POC/Aurora/m2_repo/org/jboss/osgi/framework/jbosgi-framework-core/1.0.0.CR8/jbosgi-framework-core-1.0.0.CR8.jar:/Basak/development/POC/Aurora/m2_repo/org/jboss/osgi/resolver/jbosgi-resolver-felix/1.0.9/jbosgi-resolver-felix-1.0.9.jar:/Basak/development/POC/Aurora/m2_repo/org/jboss/osgi/resolver/jbosgi-resolver-spi/1.0.9/jbosgi-resolver-spi-1.0.9.jar:/Basak/development/POC/Aurora/m2_repo/org/jboss/osgi/vfs/jbosgi-vfs30/1.0.6/jbosgi-vfs30-1.0.6.jar:/Basak/development/POC/Aurora/m2_repo/org/jboss/osgi/resolver/jbosgi-resolver-api/1.0.9/jbosgi-resolver-api-1.0.9.jar:/Basak/development/POC/Aurora/m2_repo/org/jboss/osgi/resolver/jbosgi-resolver-metadata/1.0.9/jbosgi-resolver-metadata-1.0.9.jar:/Basak/development/POC/Aurora/m2_repo/org/osgi/org.osgi.compendium/4.2.0/org.osgi.compendium-4.2.0.jar:/Basak/development/POC/Aurora/m2_repo/org/jboss/arquillian/core/arquillian-core-spi/1.0.0.CR4/arquillian-core-spi-1.0.0.CR4.jar:/Basak/development/POC/Aurora/m2_repo/org/jboss/arquillian/protocol/arquillian-protocol-jmx/1.0.0.CR4/arquillian-protocol-jmx-1.0.0.CR4.jar:/Basak/development/POC/Aurora/m2_repo/org/jboss/sasl/jboss-sasl/1.0.0.Beta1/jboss-sasl-1.0.0.Beta1.jar:/Basak/development/POC/Aurora/m2_repo/org/jboss/logging/jboss-logging/3.0.0.Beta5/jboss-logging-3.0.0.Beta5.jar:/Basak/development/POC/Aurora/m2_repo/javax/inject/javax.inject/1/javax.inject-1.jar:/Basak/development/POC/Aurora/m2_repo/org/jboss/arquillian/core/arquillian-core-api/1.0.0.CR4/arquillian-core-api-1.0.0.CR4.jar:/Basak/development/POC/Aurora/m2_repo/org/jboss/as/jboss-as-build-config/7.0.1.Final/jboss-as-build-config-7.0.1.Final.jar:/Basak/development/POC/Aurora/m2_repo/org/jboss/arquillian/junit/arquillian-junit-container/1.0.0.CR4/arquillian-junit-container-1.0.0.CR4.jar:/Basak/development/POC/Aurora/m2_repo/org/jboss/arquillian/junit/arquillian-junit-core/1.0.0.CR4/arquillian-junit-core-1.0.0.CR4.jar:/Basak/development/POC/Aurora/m2_repo/org/jboss/arquillian/test/arquillian-test-api/1.0.0.CR4/arquillian-test-api-1.0.0.CR4.jar:/Basak/development/POC/Aurora/m2_repo/org/jboss/arquillian/test/arquillian-test-spi/1.0.0.CR4/arquillian-test-spi-1.0.0.CR4.jar:/Basak/development/POC/Aurora/m2_repo/org/jboss/arquillian/container/arquillian-container-test-api/1.0.0.CR4/arquillian-container-test-api-1.0.0.CR4.jar:/Basak/development/POC/Aurora/m2_repo/org/jboss/arquillian/container/arquillian-container-test-spi/1.0.0.CR4/arquillian-container-test-spi-1.0.0.CR4.jar:/Basak/development/POC/Aurora/m2_repo/org/jboss/arquillian/container/arquillian-container-spi/1.0.0.CR4/arquillian-container-spi-1.0.0.CR4.jar:/Basak/development/POC/Aurora/m2_repo/org/jboss/shrinkwrap/descriptors/shrinkwrap-descriptors-api/1.1.0-alpha-2/shrinkwrap-descriptors-api-1.1.0-alpha-2.jar:/Basak/development/POC/Aurora/m2_repo/org/jboss/arquillian/core/arquillian-core-impl-base/1.0.0.CR4/arquillian-core-impl-base-1.0.0.CR4.jar:/Basak/development/POC/Aurora/m2_repo/org/jboss/arquillian/test/arquillian-test-impl-base/1.0.0.CR4/arquillian-test-impl-base-1.0.0.CR4.jar:/Basak/development/POC/Aurora/m2_repo/org/jboss/arquillian/container/arquillian-container-impl-base/1.0.0.CR4/arquillian-container-impl-base-1.0.0.CR4.jar:/Basak/development/POC/Aurora/m2_repo/org/jboss/arquillian/config/arquillian-config-api/1.0.0.CR4/arquillian-config-api-1.0.0.CR4.jar:/Basak/development/POC/Aurora/m2_repo/org/jboss/arquillian/config/arquillian-config-impl-base/1.0.0.CR4/arquillian-config-impl-base-1.0.0.CR4.jar:/Basak/development/POC/Aurora/m2_repo/org/jboss/shrinkwrap/descriptors/shrinkwrap-descriptors-spi/1.1.0-alpha-2/shrinkwrap-descriptors-spi-1.1.0-alpha-2.jar:/Basak/development/POC/Aurora/m2_repo/org/jboss/arquillian/container/arquillian-container-test-impl-base/1.0.0.CR4/arquillian-container-test-impl-base-1.0.0.CR4.jar:/Basak/development/POC/Aurora/m2_repo/org/jboss/shrinkwrap/shrinkwrap-impl-base/1.0.0-beta-5/shrinkwrap-impl-base-1.0.0-beta-5.jar:/Basak/development/POC/Aurora/m2_repo/org/jboss/shrinkwrap/shrinkwrap-spi/1.0.0-beta-5/shrinkwrap-spi-1.0.0-beta-5.jar:"/>
    <property name="java.vm.specification.version" value="1.8"/>
    <property name="sun.arch.data.model" value="64"/>
    <property name="java.home" value="/Library/Java/JavaVirtualMachines/jdk1.8.0_45.jdk/Contents/Home/jre"/>
    <property name="sun.java.command" value="/Basak/development/POC/EJB/sample-test/ejb-test/target/surefire/surefirebooter1166188545903671846.jar /Basak/development/POC/EJB/sample-test/ejb-test/target/surefire/surefire5796094997726493982tmp /Basak/development/POC/EJB/sample-test/ejb-test/target/surefire/surefire4780425239875373650tmp"/>
    <property name="java.specification.vendor" value="Oracle Corporation"/>
    <property name="user.language" value="en"/>
    <property name="awt.toolkit" value="sun.lwawt.macosx.LWCToolkit"/>
    <property name="java.vm.info" value="mixed mode"/>
    <property name="java.version" value="1.8.0_45"/>
    <property name="java.ext.dirs" value="/Users/Basak/Library/Java/Extensions:/Library/Java/JavaVirtualMachines/jdk1.8.0_45.jdk/Contents/Home/jre/lib/ext:/Library/Java/Extensions:/Network/Library/Java/Extensions:/System/Library/Java/Extensions:/usr/lib/java"/>
    <property name="sun.boot.class.path" value="/Library/Java/JavaVirtualMachines/jdk1.8.0_45.jdk/Contents/Home/jre/lib/resources.jar:/Library/Java/JavaVirtualMachines/jdk1.8.0_45.jdk/Contents/Home/jre/lib/rt.jar:/Library/Java/JavaVirtualMachines/jdk1.8.0_45.jdk/Contents/Home/jre/lib/sunrsasign.jar:/Library/Java/JavaVirtualMachines/jdk1.8.0_45.jdk/Contents/Home/jre/lib/jsse.jar:/Library/Java/JavaVirtualMachines/jdk1.8.0_45.jdk/Contents/Home/jre/lib/jce.jar:/Library/Java/JavaVirtualMachines/jdk1.8.0_45.jdk/Contents/Home/jre/lib/charsets.jar:/Library/Java/JavaVirtualMachines/jdk1.8.0_45.jdk/Contents/Home/jre/lib/jfr.jar:/Library/Java/JavaVirtualMachines/jdk1.8.0_45.jdk/Contents/Home/jre/classes"/>
    <property name="java.vendor" value="Oracle Corporation"/>
    <property name="localRepository" value="/Basak/development/POC/Aurora/m2_repo"/>
    <property name="file.separator" value="/"/>
    <property name="java.vendor.url.bug" value="http://bugreport.sun.com/bugreport/"/>
    <property name="sun.cpu.endian" value="little"/>
    <property name="sun.io.unicode.encoding" value="UnicodeBig"/>
    <property name="socksNonProxyHosts" value="local|*.local|169.254/16|*.169.254/16"/>
    <property name="ftp.nonProxyHosts" value="local|*.local|169.254/16|*.169.254/16"/>
    <property name="sun.cpu.isalist" value=""/>
  </properties>
  <testcase classname="com.basak.sample.firstejb.CalculatorUnitTestCase" name="test" time="0.001"/>
</testsuite>